0 info it worked if it ends with ok
1 verbose cli [ 'C:\\Program Files\\nodejs\\node.exe',
1 verbose cli   'C:\\Program Files\\nodejs\\node_modules\\npm\\bin\\npm-cli.js',
1 verbose cli   'install' ]
2 info using npm@3.10.10
3 info using node@v6.11.0
4 silly loadCurrentTree Starting
5 silly install loadCurrentTree
6 silly install readLocalPackageData
7 silly install normalizeTree
8 silly loadCurrentTree Finishing
9 silly loadIdealTree Starting
10 silly install loadIdealTree
11 silly cloneCurrentTree Starting
12 silly install cloneCurrentTreeToIdealTree
13 silly cloneCurrentTree Finishing
14 silly loadShrinkwrap Starting
15 silly install loadShrinkwrap
16 silly loadShrinkwrap Finishing
17 silly loadAllDepsIntoIdealTree Starting
18 silly install loadAllDepsIntoIdealTree
19 silly loadAllDepsIntoIdealTree Finishing
20 silly loadIdealTree Finishing
21 silly currentTree hexa-backup@1.0.0
21 silly currentTree +-- accepts@1.1.4
21 silly currentTree +-- after@0.8.1
21 silly currentTree +-- ansi-regex@2.0.0
21 silly currentTree +-- aproba@1.0.3
21 silly currentTree +-- arraybuffer.slice@0.0.6
21 silly currentTree +-- base64-arraybuffer@0.1.2
21 silly currentTree +-- base64id@0.1.0
21 silly currentTree +-- better-assert@1.0.2
21 silly currentTree +-- blob@0.0.4
21 silly currentTree +-- callsite@1.0.0
21 silly currentTree +-- code-point-at@1.0.0
21 silly currentTree +-- colors@1.1.2
21 silly currentTree +-- component-emitter@1.1.2
21 silly currentTree +-- component-inherit@0.0.3
21 silly currentTree +-- core-util-is@1.0.2
21 silly currentTree +-- debug@2.2.0
21 silly currentTree +-- engine.io-client@1.6.9
21 silly currentTree +-- engine.io-parser@1.2.4
21 silly currentTree +-- engine.io@1.6.9
21 silly currentTree +-- filesize@3.3.0
21 silly currentTree +-- gauge@2.5.0
21 silly currentTree +-- has-binary@0.1.6
21 silly currentTree +-- has-color@0.1.7
21 silly currentTree +-- has-cors@1.1.0
21 silly currentTree +-- has-unicode@2.0.0
21 silly currentTree +-- indexof@0.0.1
21 silly currentTree +-- inherits@2.0.1
21 silly currentTree +-- is-fullwidth-code-point@1.0.0
21 silly currentTree +-- isarray@0.0.1
21 silly currentTree +-- mime-db@1.12.0
21 silly currentTree +-- mime-types@2.0.14
21 silly currentTree +-- ms@0.7.1
21 silly currentTree +-- nan@2.3.5
21 silly currentTree +-- negotiator@0.4.9
21 silly currentTree +-- number-is-nan@1.0.0
21 silly currentTree +-- object-assign@4.1.0
21 silly currentTree +-- object-keys@0.4.0
21 silly currentTree +-- options@0.0.6
21 silly currentTree +-- parsejson@0.0.1
21 silly currentTree +-- parseqs@0.0.2
21 silly currentTree +-- parseuri@0.0.4
21 silly currentTree +-- progress-stream@1.2.0
21 silly currentTree +-- readable-stream@1.1.14
21 silly currentTree +-- signal-exit@2.1.2
21 silly currentTree +-- speedometer@0.1.4
21 silly currentTree +-- string_decoder@0.10.31
21 silly currentTree +-- string-width@1.0.1
21 silly currentTree +-- strip-ansi@3.0.1
21 silly currentTree +-- through2@0.2.3
21 silly currentTree +-- typescript@1.8.10
21 silly currentTree +-- ultron@1.0.2
21 silly currentTree +-- utf8@2.1.0
21 silly currentTree +-- wide-align@1.1.0
21 silly currentTree +-- ws@1.0.1
21 silly currentTree +-- xmlhttprequest-ssl@1.5.1
21 silly currentTree +-- xtend@2.1.2
21 silly currentTree `-- yeast@0.1.2
22 silly idealTree hexa-backup@1.0.0
22 silly idealTree +-- accepts@1.1.4
22 silly idealTree +-- after@0.8.1
22 silly idealTree +-- ansi-regex@2.0.0
22 silly idealTree +-- aproba@1.0.3
22 silly idealTree +-- arraybuffer.slice@0.0.6
22 silly idealTree +-- base64-arraybuffer@0.1.2
22 silly idealTree +-- base64id@0.1.0
22 silly idealTree +-- better-assert@1.0.2
22 silly idealTree +-- blob@0.0.4
22 silly idealTree +-- callsite@1.0.0
22 silly idealTree +-- code-point-at@1.0.0
22 silly idealTree +-- colors@1.1.2
22 silly idealTree +-- component-emitter@1.1.2
22 silly idealTree +-- component-inherit@0.0.3
22 silly idealTree +-- core-util-is@1.0.2
22 silly idealTree +-- debug@2.2.0
22 silly idealTree +-- engine.io-client@1.6.9
22 silly idealTree +-- engine.io-parser@1.2.4
22 silly idealTree +-- engine.io@1.6.9
22 silly idealTree +-- filesize@3.3.0
22 silly idealTree +-- gauge@2.5.0
22 silly idealTree +-- has-binary@0.1.6
22 silly idealTree +-- has-color@0.1.7
22 silly idealTree +-- has-cors@1.1.0
22 silly idealTree +-- has-unicode@2.0.0
22 silly idealTree +-- indexof@0.0.1
22 silly idealTree +-- inherits@2.0.1
22 silly idealTree +-- is-fullwidth-code-point@1.0.0
22 silly idealTree +-- isarray@0.0.1
22 silly idealTree +-- mime-db@1.12.0
22 silly idealTree +-- mime-types@2.0.14
22 silly idealTree +-- ms@0.7.1
22 silly idealTree +-- nan@2.3.5
22 silly idealTree +-- negotiator@0.4.9
22 silly idealTree +-- number-is-nan@1.0.0
22 silly idealTree +-- object-assign@4.1.0
22 silly idealTree +-- object-keys@0.4.0
22 silly idealTree +-- options@0.0.6
22 silly idealTree +-- parsejson@0.0.1
22 silly idealTree +-- parseqs@0.0.2
22 silly idealTree +-- parseuri@0.0.4
22 silly idealTree +-- progress-stream@1.2.0
22 silly idealTree +-- readable-stream@1.1.14
22 silly idealTree +-- signal-exit@2.1.2
22 silly idealTree +-- speedometer@0.1.4
22 silly idealTree +-- string_decoder@0.10.31
22 silly idealTree +-- string-width@1.0.1
22 silly idealTree +-- strip-ansi@3.0.1
22 silly idealTree +-- through2@0.2.3
22 silly idealTree +-- typescript@1.8.10
22 silly idealTree +-- ultron@1.0.2
22 silly idealTree +-- utf8@2.1.0
22 silly idealTree +-- wide-align@1.1.0
22 silly idealTree +-- ws@1.0.1
22 silly idealTree +-- xmlhttprequest-ssl@1.5.1
22 silly idealTree +-- xtend@2.1.2
22 silly idealTree `-- yeast@0.1.2
23 silly generateActionsToTake Starting
24 silly install generateActionsToTake
25 silly generateActionsToTake Finishing
26 silly diffTrees action count 0
27 silly decomposeActions action count 0
28 silly runTopLevelLifecycles Starting
29 silly install runPreinstallTopLevelLifecycles
30 silly preinstall hexa-backup@1.0.0 d:\Documents\Repos\hexa-backup\hexa-backup-a9ba7e60
31 info lifecycle hexa-backup@1.0.0~preinstall: hexa-backup@1.0.0
32 silly lifecycle hexa-backup@1.0.0~preinstall: no script for preinstall, continuing
33 silly executeActions Starting
34 silly install executeActions
35 silly doSerial global-install 0
36 silly doParallel fetch 0
37 verbose correctMkdir C:\Users\Arnaud\AppData\Roaming\npm-cache\_locks correctMkdir not in flight; initializing
38 verbose lock using C:\Users\Arnaud\AppData\Roaming\npm-cache\_locks\staging-ff2731abfe32fee0.lock for d:\Documents\Repos\hexa-backup\node_modules\.staging
39 silly doParallel extract 0
40 silly doParallel preinstall 0
41 silly doReverseSerial remove 0
42 silly doSerial move 0
43 silly doSerial finalize 0
44 silly doSerial build 0
45 silly doSerial global-link 0
46 silly doParallel update-linked 0
47 silly doSerial install 0
48 silly doSerial postinstall 0
49 verbose unlock done using C:\Users\Arnaud\AppData\Roaming\npm-cache\_locks\staging-ff2731abfe32fee0.lock for d:\Documents\Repos\hexa-backup\node_modules\.staging
50 silly executeActions Finishing
51 silly rollbackFailedOptional Starting
52 silly rollbackFailedOptional Finishing
53 silly install runPostinstallTopLevelLifecycles
54 silly build hexa-backup@1.0.0
55 info linkStuff hexa-backup@1.0.0
56 silly linkStuff hexa-backup@1.0.0 has d:\Documents\Repos as its parent node_modules
57 verbose linkBins hexa-backup@1.0.0
58 verbose linkMans hexa-backup@1.0.0
59 silly install hexa-backup@1.0.0 d:\Documents\Repos\hexa-backup\hexa-backup-a9ba7e60
60 info lifecycle hexa-backup@1.0.0~install: hexa-backup@1.0.0
61 silly lifecycle hexa-backup@1.0.0~install: no script for install, continuing
62 silly postinstall hexa-backup@1.0.0 d:\Documents\Repos\hexa-backup\hexa-backup-a9ba7e60
63 info lifecycle hexa-backup@1.0.0~postinstall: hexa-backup@1.0.0
64 silly lifecycle hexa-backup@1.0.0~postinstall: no script for postinstall, continuing
65 silly prepublish hexa-backup@1.0.0 d:\Documents\Repos\hexa-backup\hexa-backup-a9ba7e60
66 info lifecycle hexa-backup@1.0.0~prepublish: hexa-backup@1.0.0
67 verbose lifecycle hexa-backup@1.0.0~prepublish: unsafe-perm in lifecycle true
68 verbose lifecycle hexa-backup@1.0.0~prepublish: PATH: C:\Program Files\nodejs\node_modules\npm\bin\node-gyp-bin;d:\Documents\Repos\hexa-backup\node_modules\.bin;C:\ProgramData\Oracle\Java\javapath;C:\WINDOWS\system32;C:\WINDOWS;C:\WINDOWS\System32\Wbem;C:\WINDOWS\System32\WindowsPowerShell\v1.0\;C:\Program Files (x86)\apache-maven-3.2.1\bin;C:\Program Files\Microsoft\Web Platform Installer\;C:\Program Files (x86)\Microsoft ASP.NET\ASP.NET Web Pages\v1.0\;C:\Program Files\Microsoft SQL Server\110\Tools\Binn\;C:\Program Files\OpenVPN\bin;C:\wamp\bin\php\php5.3.13;C:\Program Files\Microsoft SQL Server\120\Tools\Binn\;C:\Program Files (x86)\Skype\Phone\;C:\WINDOWS\system32;C:\WINDOWS;C:\WINDOWS\System32\Wbem;C:\WINDOWS\System32\WindowsPowerShell\v1.0\;C:\Program Files (x86)\ATI Technologies\ATI.ACE\Core-Static;C:\Program Files\Git\cmd;C:\Program Files\nodejs\;C:\Program Files\CMake\bin;C:\Program Files\Java\jdk1.8.0\bin;C:\Ruby21-x64\bin;C:\Python27\;C:\Users\Arnaud\AppData\Local\Pandoc\;C:\Program Files\apache-ant-1.9.7\bin;C:\Program Files (x86)\Microsoft VS Code\bin;C:\Users\Arnaud\AppData\Local\Programs\EmEditor;C:\Users\Arnaud\AppData\Local\Microsoft\WindowsApps;C:\Users\Arnaud\AppData\Roaming\npm
69 verbose lifecycle hexa-backup@1.0.0~prepublish: CWD: d:\Documents\Repos\hexa-backup
70 silly lifecycle hexa-backup@1.0.0~prepublish: Args: [ '/d /s /c', 'tsc' ]
71 silly lifecycle hexa-backup@1.0.0~prepublish: Returned: code: 2  signal: null
72 info lifecycle hexa-backup@1.0.0~prepublish: Failed to exec prepublish script
73 warn hexa-backup@1.0.0 No repository field.
74 verbose If you need help, you may report this error at:
74 verbose     <https://github.com/npm/npm/issues>
75 warn hexa-backup@1.0.0 No license field.
76 verbose If you need help, you may report this error at:
76 verbose     <https://github.com/npm/npm/issues>
77 verbose stack Error: hexa-backup@1.0.0 prepublish: `tsc`
77 verbose stack Exit status 2
77 verbose stack     at EventEmitter.<anonymous> (C:\Program Files\nodejs\node_modules\npm\lib\utils\lifecycle.js:255:16)
77 verbose stack     at emitTwo (events.js:106:13)
77 verbose stack     at EventEmitter.emit (events.js:191:7)
77 verbose stack     at ChildProcess.<anonymous> (C:\Program Files\nodejs\node_modules\npm\lib\utils\spawn.js:40:14)
77 verbose stack     at emitTwo (events.js:106:13)
77 verbose stack     at ChildProcess.emit (events.js:191:7)
77 verbose stack     at maybeClose (internal/child_process.js:891:16)
77 verbose stack     at Process.ChildProcess._handle.onexit (internal/child_process.js:226:5)
78 verbose pkgid hexa-backup@1.0.0
79 verbose cwd d:\Documents\Repos\hexa-backup
80 error Windows_NT 10.0.15063
81 error argv "C:\\Program Files\\nodejs\\node.exe" "C:\\Program Files\\nodejs\\node_modules\\npm\\bin\\npm-cli.js" "install"
82 error node v6.11.0
83 error npm  v3.10.10
84 error code ELIFECYCLE
85 error hexa-backup@1.0.0 prepublish: `tsc`
85 error Exit status 2
86 error Failed at the hexa-backup@1.0.0 prepublish script 'tsc'.
86 error Make sure you have the latest version of node.js and npm installed.
86 error If you do, this is most likely a problem with the hexa-backup package,
86 error not with npm itself.
86 error Tell the author that this fails on your system:
86 error     tsc
86 error You can get information on how to open an issue for this project with:
86 error     npm bugs hexa-backup
86 error Or if that isn't available, you can get their info via:
86 error     npm owner ls hexa-backup
86 error There is likely additional logging output above.
87 verbose exit [ 1, true ]
